<?xml version="1.0" encoding="UTF-8"?>
<testsuite name="Gradle.builds.Java.projects.AppTest" tests="1" skipped="0" failures="0" errors="0" timestamp="2019-07-14T12:23:05" hostname="ZHA-ITA028-W10" time="0.002">
  <properties/>
  <testcase name="testAppHasAGreeting" classname="Gradle.builds.Java.projects.AppTest" time="0.002"/>
  <system-out><![CDATA[]]></system-out>
  <system-err><![CDATA[]]></system-err>
</testsuite>
